<?xml version='1.0'?>
<ns2:test-suite xmlns:ns2='urn:model.allure.qatools.yandex.ru' start='1669623089653' stop='1669623089707'>
    <name>Bootcamp E2E: Search bar</name>
    <title>Bootcamp E2E: Search bar</title>
    <test-cases>
        <test-case start='1669623089655' status='passed' stop='1669623089659'>
            <name></name>
            <title></title>
            <labels>
                <label name='language' value='javascript'/>
                <label name='framework' value='wdio'/>
                <label name='thread' value='0-0'/>
            </labels>
            <parameters>
                <parameter kind='argument' name='browser' value='chrome-107.0.5304.107'/>
            </parameters>
            <steps/>
            <attachments/>
        </test-case>
        <test-case start='1669623089660' status='broken' stop='1669623089690'>
            <name>Given The User is on the home page</name>
            <title>Given The User is on the home page</title>
            <labels>
                <label name='language' value='javascript'/>
                <label name='framework' value='wdio'/>
                <label name='thread' value='0-0'/>
            </labels>
            <parameters>
                <parameter kind='argument' name='browser' value='chrome-107.0.5304.107'/>
            </parameters>
            <steps>
                <step start='1669623089667' status='broken' stop='1669623089689'>
                    <name>POST /session/:sessionId/url</name>
                    <title>POST /session/:sessionId/url</title>
                    <attachments>
                        <attachment title='Request' source='159bba2c-7c98-4f6c-a8ae-0ba51f287aa9-attachment.json' type='application/json' size='38'/>
                    </attachments>
                    <steps/>
                </step>
            </steps>
            <attachments/>
            <failure>
                <message>Error: function uses multiple asynchronous interfaces: callback and promise</message>
                <stack-trace>Error: function uses multiple asynchronous interfaces: callback and promise
                to use the callback interface: do not return a promise
                to use the promise interface: remove the last argument to the function
                    at Object.run (D:\IT\EVO\TA-Bootcamp-E2E-Zaitsava\node_modules\@cucumber\cucumber\lib\user_code_runner.js:35:24)
                    at Object.run (D:\IT\EVO\TA-Bootcamp-E2E-Zaitsava\node_modules\@cucumber\cucumber\lib\runtime\step_runner.js:52:59)
                    at process.processTicksAndRejections (node:internal/process/task_queues:95:5)
                    at async TestCaseRunner.invokeStep (D:\IT\EVO\TA-Bootcamp-E2E-Zaitsava\node_modules\@cucumber\cucumber\lib\runtime\test_case_runner.js:93:16)
                    at async TestCaseRunner.runStep (D:\IT\EVO\TA-Bootcamp-E2E-Zaitsava\node_modules\@cucumber\cucumber\lib\runtime\test_case_runner.js:237:26)
                    at async D:\IT\EVO\TA-Bootcamp-E2E-Zaitsava\node_modules\@cucumber\cucumber\lib\runtime\test_case_runner.js:163:48
                    at async TestCaseRunner.aroundTestStep (D:\IT\EVO\TA-Bootcamp-E2E-Zaitsava\node_modules\@cucumber\cucumber\lib\runtime\test_case_runner.js:117:32)
                    at async TestCaseRunner.run (D:\IT\EVO\TA-Bootcamp-E2E-Zaitsava\node_modules\@cucumber\cucumber\lib\runtime\test_case_runner.js:146:17)
                    at async Runtime.runTestCase (D:\IT\EVO\TA-Bootcamp-E2E-Zaitsava\node_modules\@cucumber\cucumber\lib\runtime\index.js:41:24)
                    at async Runtime.start (D:\IT\EVO\TA-Bootcamp-E2E-Zaitsava\node_modules\@cucumber\cucumber\lib\runtime\index.js:65:13)</stack-trace>
            </failure>
        </test-case>
        <test-case start='1669623089691' status='pending' stop='1669623089692'>
            <name>And the promo banner is closed if it appeared</name>
            <title>And the promo banner is closed if it appeared</title>
            <labels>
                <label name='language' value='javascript'/>
                <label name='framework' value='wdio'/>
                <label name='thread' value='0-0'/>
            </labels>
            <parameters>
                <parameter kind='argument' name='browser' value='chrome-107.0.5304.107'/>
            </parameters>
            <steps/>
            <attachments/>
        </test-case>
        <test-case start='1669623089693' status='broken' stop='1669623089694'>
            <name>When the User enters the word 'Windows' in the search bar (top middle)</name>
            <title>When the User enters the word 'Windows' in the search bar (top middle)</title>
            <labels>
                <label name='language' value='javascript'/>
                <label name='framework' value='wdio'/>
                <label name='thread' value='0-0'/>
            </labels>
            <parameters>
                <parameter kind='argument' name='browser' value='chrome-107.0.5304.107'/>
            </parameters>
            <steps/>
            <attachments/>
            <failure>
                <message>Step "the User enters the word 'Windows' in the search bar (top middle)" is not defined. You can ignore this error by setting cucumberOpts.ignoreUndefinedDefinitions as true.</message>
                <stack-trace>Step "the User enters the word 'Windows' in the search bar (top middle)" is not defined. You can ignore this error by setting cucumberOpts.ignoreUndefinedDefinitions as true.
                	at Feature(D:\IT\EVO\TA-Bootcamp-E2E-Zaitsava\features\bootcamp.feature):1:1
                	at Scenario(Search bar):7:4
                	at Step(the User enters the word 'Windows' in the search bar (top middle)):8:7
                </stack-trace>
            </failure>
        </test-case>
        <test-case start='1669623089695' status='pending' stop='1669623089697'>
            <name>And clicks the search</name>
            <title>And clicks the search</title>
            <labels>
                <label name='language' value='javascript'/>
                <label name='framework' value='wdio'/>
                <label name='thread' value='0-0'/>
            </labels>
            <parameters>
                <parameter kind='argument' name='browser' value='chrome-107.0.5304.107'/>
            </parameters>
            <steps/>
            <attachments/>
        </test-case>
        <test-case start='1669623089698' status='pending' stop='1669623089699'>
            <name>Then at least one item appears in the search result</name>
            <title>Then at least one item appears in the search result</title>
            <labels>
                <label name='language' value='javascript'/>
                <label name='framework' value='wdio'/>
                <label name='thread' value='0-0'/>
            </labels>
            <parameters>
                <parameter kind='argument' name='browser' value='chrome-107.0.5304.107'/>
            </parameters>
            <steps/>
            <attachments/>
        </test-case>
        <test-case start='1669623089699' status='passed' stop='1669623089704'>
            <name></name>
            <title></title>
            <labels>
                <label name='language' value='javascript'/>
                <label name='framework' value='wdio'/>
                <label name='thread' value='0-0'/>
            </labels>
            <parameters>
                <parameter kind='argument' name='browser' value='chrome-107.0.5304.107'/>
            </parameters>
            <steps/>
            <attachments/>
        </test-case>
    </test-cases>
</ns2:test-suite>