<?xml version='1.0'?>
<ns2:test-suite xmlns:ns2='urn:model.allure.qatools.yandex.ru' start='1669622533724' stop='1669622533763'>
    <name>Bootcamp E2E: Search bar</name>
    <title>Bootcamp E2E: Search bar</title>
    <test-cases>
        <test-case start='1669622533726' status='passed' stop='1669622533732'>
            <name></name>
            <title></title>
            <labels>
                <label name='language' value='javascript'/>
                <label name='framework' value='wdio'/>
                <label name='thread' value='0-0'/>
            </labels>
            <parameters>
                <parameter kind='argument' name='browser' value='chrome-107.0.5304.107'/>
            </parameters>
            <steps/>
            <attachments/>
        </test-case>
        <test-case start='1669622533732' status='broken' stop='1669622533735'>
            <name>Given The User is on the home page</name>
            <title>Given The User is on the home page</title>
            <labels>
                <label name='language' value='javascript'/>
                <label name='framework' value='wdio'/>
                <label name='thread' value='0-0'/>
            </labels>
            <parameters>
                <parameter kind='argument' name='browser' value='chrome-107.0.5304.107'/>
            </parameters>
            <steps/>
            <attachments/>
            <failure>
                <message>Step "The User is on the home page" is not defined. You can ignore this error by setting cucumberOpts.ignoreUndefinedDefinitions as true.</message>
                <stack-trace>Step "The User is on the home page" is not defined. You can ignore this error by setting cucumberOpts.ignoreUndefinedDefinitions as true.
                	at Feature(D:\IT\EVO\TA-Bootcamp-E2E-Zaitsava\features\bootcamp.feature):1:1
                	at Scenario(Search bar):7:4
                </stack-trace>
            </failure>
        </test-case>
        <test-case start='1669622533735' status='broken' stop='1669622533736'>
            <name>And the promo banner is closed if it appeared</name>
            <title>And the promo banner is closed if it appeared</title>
            <labels>
                <label name='language' value='javascript'/>
                <label name='framework' value='wdio'/>
                <label name='thread' value='0-0'/>
            </labels>
            <parameters>
                <parameter kind='argument' name='browser' value='chrome-107.0.5304.107'/>
            </parameters>
            <steps/>
            <attachments/>
            <failure>
                <message>Step "the promo banner is closed if it appeared" is not defined. You can ignore this error by setting cucumberOpts.ignoreUndefinedDefinitions as true.</message>
                <stack-trace>Step "the promo banner is closed if it appeared" is not defined. You can ignore this error by setting cucumberOpts.ignoreUndefinedDefinitions as true.
                	at Feature(D:\IT\EVO\TA-Bootcamp-E2E-Zaitsava\features\bootcamp.feature):1:1
                	at Scenario(Search bar):7:4
                </stack-trace>
            </failure>
        </test-case>
        <test-case start='1669622533738' status='broken' stop='1669622533742'>
            <name>When the User enters the word "Windows" in the search bar (top middle)</name>
            <title>When the User enters the word "Windows" in the search bar (top middle)</title>
            <labels>
                <label name='language' value='javascript'/>
                <label name='framework' value='wdio'/>
                <label name='thread' value='0-0'/>
            </labels>
            <parameters>
                <parameter kind='argument' name='browser' value='chrome-107.0.5304.107'/>
            </parameters>
            <steps/>
            <attachments/>
            <failure>
                <message>Step "the User enters the word "Windows" in the search bar (top middle)" is not defined. You can ignore this error by setting cucumberOpts.ignoreUndefinedDefinitions as true.</message>
                <stack-trace>Step "the User enters the word "Windows" in the search bar (top middle)" is not defined. You can ignore this error by setting cucumberOpts.ignoreUndefinedDefinitions as true.
                	at Feature(D:\IT\EVO\TA-Bootcamp-E2E-Zaitsava\features\bootcamp.feature):1:1
                	at Scenario(Search bar):7:4
                	at Step(the User enters the word "Windows" in the search bar (top middle)):8:7
                </stack-trace>
            </failure>
        </test-case>
        <test-case start='1669622533748' status='broken' stop='1669622533749'>
            <name>And clicks the search</name>
            <title>And clicks the search</title>
            <labels>
                <label name='language' value='javascript'/>
                <label name='framework' value='wdio'/>
                <label name='thread' value='0-0'/>
            </labels>
            <parameters>
                <parameter kind='argument' name='browser' value='chrome-107.0.5304.107'/>
            </parameters>
            <steps/>
            <attachments/>
            <failure>
                <message>Step "clicks the search" is not defined. You can ignore this error by setting cucumberOpts.ignoreUndefinedDefinitions as true.</message>
                <stack-trace>Step "clicks the search" is not defined. You can ignore this error by setting cucumberOpts.ignoreUndefinedDefinitions as true.
                	at Feature(D:\IT\EVO\TA-Bootcamp-E2E-Zaitsava\features\bootcamp.feature):1:1
                	at Scenario(Search bar):7:4
                	at Step(clicks the search):9:7
                </stack-trace>
            </failure>
        </test-case>
        <test-case start='1669622533751' status='broken' stop='1669622533753'>
            <name>Then at least one item appears in the search result</name>
            <title>Then at least one item appears in the search result</title>
            <labels>
                <label name='language' value='javascript'/>
                <label name='framework' value='wdio'/>
                <label name='thread' value='0-0'/>
            </labels>
            <parameters>
                <parameter kind='argument' name='browser' value='chrome-107.0.5304.107'/>
            </parameters>
            <steps/>
            <attachments/>
            <failure>
                <message>Step "at least one item appears in the search result" is not defined. You can ignore this error by setting cucumberOpts.ignoreUndefinedDefinitions as true.</message>
                <stack-trace>Step "at least one item appears in the search result" is not defined. You can ignore this error by setting cucumberOpts.ignoreUndefinedDefinitions as true.
                	at Feature(D:\IT\EVO\TA-Bootcamp-E2E-Zaitsava\features\bootcamp.feature):1:1
                	at Scenario(Search bar):7:4
                	at Step(at least one item appears in the search result):10:7
                </stack-trace>
            </failure>
        </test-case>
        <test-case start='1669622533757' status='passed' stop='1669622533762'>
            <name></name>
            <title></title>
            <labels>
                <label name='language' value='javascript'/>
                <label name='framework' value='wdio'/>
                <label name='thread' value='0-0'/>
            </labels>
            <parameters>
                <parameter kind='argument' name='browser' value='chrome-107.0.5304.107'/>
            </parameters>
            <steps/>
            <attachments/>
        </test-case>
    </test-cases>
</ns2:test-suite>