<?xml version='1.0'?>
<ns2:test-suite xmlns:ns2='urn:model.allure.qatools.yandex.ru' start='1669622533799' stop='1669622533810'>
    <name>Bootcamp E2E: Internet shop logo button</name>
    <title>Bootcamp E2E: Internet shop logo button</title>
    <test-cases>
        <test-case start='1669622533799' status='passed' stop='1669622533800'>
            <name></name>
            <title></title>
            <labels>
                <label name='language' value='javascript'/>
                <label name='framework' value='wdio'/>
                <label name='thread' value='0-0'/>
            </labels>
            <parameters>
                <parameter kind='argument' name='browser' value='chrome-107.0.5304.107'/>
            </parameters>
            <steps/>
            <attachments/>
        </test-case>
        <test-case start='1669622533801' status='broken' stop='1669622533802'>
            <name>Given The User is on the home page</name>
            <title>Given The User is on the home page</title>
            <labels>
                <label name='language' value='javascript'/>
                <label name='framework' value='wdio'/>
                <label name='thread' value='0-0'/>
            </labels>
            <parameters>
                <parameter kind='argument' name='browser' value='chrome-107.0.5304.107'/>
            </parameters>
            <steps/>
            <attachments/>
            <failure>
                <message>Step "The User is on the home page" is not defined. You can ignore this error by setting cucumberOpts.ignoreUndefinedDefinitions as true.</message>
                <stack-trace>Step "The User is on the home page" is not defined. You can ignore this error by setting cucumberOpts.ignoreUndefinedDefinitions as true.
                	at Feature(D:\IT\EVO\TA-Bootcamp-E2E-Zaitsava\features\bootcamp.feature):1:1
                	at Scenario(Internet shop logo button):12:4
                </stack-trace>
            </failure>
        </test-case>
        <test-case start='1669622533802' status='broken' stop='1669622533803'>
            <name>And the promo banner is closed if it appeared</name>
            <title>And the promo banner is closed if it appeared</title>
            <labels>
                <label name='language' value='javascript'/>
                <label name='framework' value='wdio'/>
                <label name='thread' value='0-0'/>
            </labels>
            <parameters>
                <parameter kind='argument' name='browser' value='chrome-107.0.5304.107'/>
            </parameters>
            <steps/>
            <attachments/>
            <failure>
                <message>Step "the promo banner is closed if it appeared" is not defined. You can ignore this error by setting cucumberOpts.ignoreUndefinedDefinitions as true.</message>
                <stack-trace>Step "the promo banner is closed if it appeared" is not defined. You can ignore this error by setting cucumberOpts.ignoreUndefinedDefinitions as true.
                	at Feature(D:\IT\EVO\TA-Bootcamp-E2E-Zaitsava\features\bootcamp.feature):1:1
                	at Scenario(Internet shop logo button):12:4
                </stack-trace>
            </failure>
        </test-case>
        <test-case start='1669622533803' status='broken' stop='1669622533804'>
            <name>When the User opens "Today's Best Deals" tab</name>
            <title>When the User opens "Today's Best Deals" tab</title>
            <labels>
                <label name='language' value='javascript'/>
                <label name='framework' value='wdio'/>
                <label name='thread' value='0-0'/>
            </labels>
            <parameters>
                <parameter kind='argument' name='browser' value='chrome-107.0.5304.107'/>
            </parameters>
            <steps/>
            <attachments/>
            <failure>
                <message>Step "the User opens "Today's Best Deals" tab" is not defined. You can ignore this error by setting cucumberOpts.ignoreUndefinedDefinitions as true.</message>
                <stack-trace>Step "the User opens "Today's Best Deals" tab" is not defined. You can ignore this error by setting cucumberOpts.ignoreUndefinedDefinitions as true.
                	at Feature(D:\IT\EVO\TA-Bootcamp-E2E-Zaitsava\features\bootcamp.feature):1:1
                	at Scenario(Internet shop logo button):12:4
                	at Step(the User opens "Today's Best Deals" tab):13:7
                </stack-trace>
            </failure>
        </test-case>
        <test-case start='1669622533804' status='broken' stop='1669622533805'>
            <name>And clicks on the Internet shop logo (top right corner)</name>
            <title>And clicks on the Internet shop logo (top right corner)</title>
            <labels>
                <label name='language' value='javascript'/>
                <label name='framework' value='wdio'/>
                <label name='thread' value='0-0'/>
            </labels>
            <parameters>
                <parameter kind='argument' name='browser' value='chrome-107.0.5304.107'/>
            </parameters>
            <steps/>
            <attachments/>
            <failure>
                <message>Step "clicks on the Internet shop logo (top right corner)" is not defined. You can ignore this error by setting cucumberOpts.ignoreUndefinedDefinitions as true.</message>
                <stack-trace>Step "clicks on the Internet shop logo (top right corner)" is not defined. You can ignore this error by setting cucumberOpts.ignoreUndefinedDefinitions as true.
                	at Feature(D:\IT\EVO\TA-Bootcamp-E2E-Zaitsava\features\bootcamp.feature):1:1
                	at Scenario(Internet shop logo button):12:4
                	at Step(clicks on the Internet shop logo (top right corner)):14:7
                </stack-trace>
            </failure>
        </test-case>
        <test-case start='1669622533805' status='broken' stop='1669622533807'>
            <name>Then the User is on the mane page</name>
            <title>Then the User is on the mane page</title>
            <labels>
                <label name='language' value='javascript'/>
                <label name='framework' value='wdio'/>
                <label name='thread' value='0-0'/>
            </labels>
            <parameters>
                <parameter kind='argument' name='browser' value='chrome-107.0.5304.107'/>
            </parameters>
            <steps/>
            <attachments/>
            <failure>
                <message>Step "the User is on the mane page" is not defined. You can ignore this error by setting cucumberOpts.ignoreUndefinedDefinitions as true.</message>
                <stack-trace>Step "the User is on the mane page" is not defined. You can ignore this error by setting cucumberOpts.ignoreUndefinedDefinitions as true.
                	at Feature(D:\IT\EVO\TA-Bootcamp-E2E-Zaitsava\features\bootcamp.feature):1:1
                	at Scenario(Internet shop logo button):12:4
                	at Step(the User is on the mane page):15:7
                </stack-trace>
            </failure>
        </test-case>
        <test-case start='1669622533808' status='passed' stop='1669622533809'>
            <name></name>
            <title></title>
            <labels>
                <label name='language' value='javascript'/>
                <label name='framework' value='wdio'/>
                <label name='thread' value='0-0'/>
            </labels>
            <parameters>
                <parameter kind='argument' name='browser' value='chrome-107.0.5304.107'/>
            </parameters>
            <steps/>
            <attachments/>
        </test-case>
    </test-cases>
</ns2:test-suite>